C:\lscc\radiant\2024.2\synpbase\bin64\c_hdl.exe  -osyn  C:\Users\worbb\Desktop\IMA\FPGA\SWS_iCE40\impl_1\synwork\SWS_iCE40_impl_1_comp.srs  -top  iCE_SWS  -hdllog  C:\Users\worbb\Desktop\IMA\FPGA\SWS_iCE40\impl_1\synlog\SWS_iCE40_impl_1_compiler.srr  -encrypt  -mp  4  -verification_mode 0  -vhdl  -prodtype  synplify_pro  -primux -fixsmult -infer_seqShift -sdff_counter -nram -divnmod -nostructver  -lattice -ice  -encrypt  -pro  -dmgen  C:\Users\worbb\Desktop\IMA\FPGA\SWS_iCE40\impl_1\dm  -lite -ui -fid2 -ram -sharing on -ll 2000 -autosm  -work_is_curlib 0  -ignore_undefined_lib  -lib pmi C:\lscc\radiant\2024.2\ip\pmi\pmi_iCE40UP.vhd -lib work C:\Users\worbb\Desktop\IMA\FPGA\SWS_iCE40\source\impl_1\INST_pkg.vhd -lib work C:\Users\worbb\Desktop\IMA\FPGA\SWS_iCE40\source\impl_1\MEM_pkg.vhd -lib work C:\Users\worbb\Desktop\IMA\FPGA\SWS_iCE40\source\impl_1\RS232_transmitter.vhd -lib work C:\Users\worbb\Desktop\IMA\FPGA\SWS_iCE40\source\impl_1\RS232_shiftregister.vhd -lib work C:\Users\worbb\Desktop\IMA\FPGA\SWS_iCE40\source\impl_1\RS232_receiver.vhd -lib work C:\lscc\radiant\2024.2\cae_library\synthesis\vhdl\iCE40UP.vhd -lib work C:\Users\worbb\Desktop\IMA\FPGA\SWS_iCE40\source\impl_1\RS232_fifo.vhd -lib work C:\Users\worbb\Desktop\IMA\FPGA\SWS_iCE40\source\impl_1\RS232.vhd -lib work C:\Users\worbb\Desktop\IMA\FPGA\SWS_iCE40\source\impl_1\ALU.vhd -lib work C:\Users\worbb\Desktop\IMA\FPGA\SWS_iCE40\source\impl_1\CPU.vhd -lib work C:\Users\worbb\Desktop\IMA\FPGA\SWS_iCE40\source\impl_1\DMA.vhd -lib work C:\Users\worbb\Desktop\IMA\FPGA\SWS_iCE40\source\impl_1\RAM.vhd -lib work C:\Users\worbb\Desktop\IMA\FPGA\SWS_iCE40\source\impl_1\ROM.vhd -lib work C:\Users\worbb\Desktop\IMA\FPGA\SWS_iCE40\source\impl_1\SWS_top.vhd -lib work C:\Users\worbb\Desktop\IMA\FPGA\SWS_iCE40\source\impl_1\iCE40_SWS.vhd  -verilog  -prodtype  synplify_pro  -primux -fixsmult -infer_seqShift -sdff_counter -nram -divnmod -nostructver  -lattice -ice   -I C:\Users\worbb\Desktop\IMA\FPGA\SWS_iCE40\impl_1\  -I C:\lscc\radiant\2024.2\synpbase\lib   -v2001  -devicelib  C:\lscc\radiant\2024.2\synpbase\lib\generic\ice40up.v  -encrypt  -pro  -dmgen  C:\Users\worbb\Desktop\IMA\FPGA\SWS_iCE40\impl_1\dm  -ui -fid2 -ram -sharing on -ll 2000 -autosm  -D_MULTIPLE_FILE_COMPILATION_UNIT_  -lib work C:\lscc\radiant\2024.2\ip\pmi\pmi_iCE40UP.v  -jobname  "compiler" 
relcom:..\..\..\..\..\..\..\..\lscc\radiant\2024.2\synpbase\bin64\c_hdl.exe -osyn ..\synwork\SWS_iCE40_impl_1_comp.srs -top iCE_SWS -hdllog ..\synlog\SWS_iCE40_impl_1_compiler.srr -encrypt -mp 4 -verification_mode 0 -vhdl -prodtype synplify_pro -primux -fixsmult -infer_seqShift -sdff_counter -nram -divnmod -nostructver -lattice -ice -encrypt -pro -dmgen ..\dm -lite -ui -fid2 -ram -sharing on -ll 2000 -autosm -work_is_curlib 0 -ignore_undefined_lib -lib pmi ..\..\..\..\..\..\..\..\lscc\radiant\2024.2\ip\pmi\pmi_iCE40UP.vhd -lib work ..\..\source\impl_1\INST_pkg.vhd -lib work ..\..\source\impl_1\MEM_pkg.vhd -lib work ..\..\source\impl_1\RS232_transmitter.vhd -lib work ..\..\source\impl_1\RS232_shiftregister.vhd -lib work ..\..\source\impl_1\RS232_receiver.vhd -lib work ..\..\..\..\..\..\..\..\lscc\radiant\2024.2\cae_library\synthesis\vhdl\iCE40UP.vhd -lib work ..\..\source\impl_1\RS232_fifo.vhd -lib work ..\..\source\impl_1\RS232.vhd -lib work ..\..\source\impl_1\ALU.vhd -lib work ..\..\source\impl_1\CPU.vhd -lib work ..\..\source\impl_1\DMA.vhd -lib work ..\..\source\impl_1\RAM.vhd -lib work ..\..\source\impl_1\ROM.vhd -lib work ..\..\source\impl_1\SWS_top.vhd -lib work ..\..\source\impl_1\iCE40_SWS.vhd -verilog -prodtype synplify_pro -primux -fixsmult -infer_seqShift -sdff_counter -nram -divnmod -nostructver -lattice -ice -I ..\ -I ..\..\..\..\..\..\..\..\lscc\radiant\2024.2\synpbase\lib -v2001 -devicelib ..\..\..\..\..\..\..\..\lscc\radiant\2024.2\synpbase\lib\generic\ice40up.v -encrypt -pro -dmgen ..\dm -ui -fid2 -ram -sharing on -ll 2000 -autosm -D_MULTIPLE_FILE_COMPILATION_UNIT_ -lib work ..\..\..\..\..\..\..\..\lscc\radiant\2024.2\ip\pmi\pmi_iCE40UP.v -jobname "compiler"
rc:0 success:1 runtime:12
file:..\synwork\sws_ice40_impl_1_comp.srs|io:o|time:1751025908|size:38308|exec:0|csum:
file:..\synlog\sws_ice40_impl_1_compiler.srr|io:o|time:1751025909|size:57314|exec:0|csum:
file:..\..\..\..\..\..\..\..\lscc\radiant\2024.2\ip\pmi\pmi_ice40up.vhd|io:i|time:1648538958|size:17231|exec:0|csum:B4484439D4F130E2494777ACC3084671
file:..\..\source\impl_1\inst_pkg.vhd|io:i|time:1748425321|size:3599|exec:0|csum:F2645E8B2E3580D11F661B389DFC7B6C
file:..\..\source\impl_1\mem_pkg.vhd|io:i|time:1748425427|size:1536|exec:0|csum:3444ABDC7CC0AF7C737CAD8D08EEF60D
file:..\..\source\impl_1\rs232_transmitter.vhd|io:i|time:1748424704|size:5566|exec:0|csum:8CFFD2D73807F37C936F8BCB0B74ABE6
file:..\..\source\impl_1\rs232_shiftregister.vhd|io:i|time:1748424761|size:1549|exec:0|csum:9212587038AA39AFF5D256D6B3B22490
file:..\..\source\impl_1\rs232_receiver.vhd|io:i|time:1748424822|size:7336|exec:0|csum:83BD316074C86D500B401CCED382D44E
file:..\..\..\..\..\..\..\..\lscc\radiant\2024.2\cae_library\synthesis\vhdl\ice40up.vhd|io:i|time:1534890897|size:28659|exec:0|csum:E745A355EB2DBA7AB2FC7B2C82DB50EE
file:..\..\source\impl_1\rs232_fifo.vhd|io:i|time:1751025862|size:3551|exec:0|csum:51427B3429C563F6AFEB8AEADEADD642
file:..\..\source\impl_1\rs232.vhd|io:i|time:1750678527|size:6070|exec:0|csum:7446CF0B1EEAA0A4B9B76AFBE59B3AA3
file:..\..\source\impl_1\alu.vhd|io:i|time:1748425068|size:5821|exec:0|csum:AA9E626BD98BEE28A3A17E5039497E1A
file:..\..\source\impl_1\cpu.vhd|io:i|time:1748425098|size:13404|exec:0|csum:9F75E0E314744D56FACDDCDD524D24C6
file:..\..\source\impl_1\dma.vhd|io:i|time:1748425202|size:10658|exec:0|csum:5A84FE03D01D1438E4C10FA5C73AA79B
file:..\..\source\impl_1\ram.vhd|io:i|time:1750755272|size:2692|exec:0|csum:64B122ED61F9240554C009AF0A290F5C
file:..\..\source\impl_1\rom.vhd|io:i|time:1748432398|size:8500|exec:0|csum:197ED798416F65AD3DDAD16EF73ED02E
file:..\..\source\impl_1\sws_top.vhd|io:i|time:1748424662|size:10020|exec:0|csum:7773E83FD6BFA141C24E6159664EAA44
file:..\..\source\impl_1\ice40_sws.vhd|io:i|time:1748432516|size:2948|exec:0|csum:A027C193E99AE9B9AEEB2DE018461496
file:..\..\..\..\..\..\..\..\lscc\radiant\2024.2\synpbase\lib\generic\ice40up.v|io:i|time:1727995164|size:26462|exec:0|csum:72B2E46EE2EB03A1019CFFB44E4E2628
file:..\..\..\..\..\..\..\..\lscc\radiant\2024.2\ip\pmi\pmi_ice40up.v|io:i|time:1537835135|size:413|exec:0|csum:B58F1C803B5DCA172B31258BA35093C2
file:..\..\..\..\..\..\..\..\lscc\radiant\2024.2\synpbase\bin64\c_hdl.exe|io:i|time:1727995157|size:7450624|exec:1|csum:FCC45E4B4B9FC5FDE44B0308578A7DF9
