C:\lscc\radiant\2024.2\synpbase\bin64\c_vhdl.exe  -osyn  C:\Users\worbb\Desktop\IMA\FPGA\SWS_iCE40\impl_1\synwork\SWS_iCE40_impl_1_hdl_.srs  -top  iCE_SWS  -prodtype  synplify_pro  -primux -fixsmult -infer_seqShift -sdff_counter -nram -divnmod -nostructver  -lattice -ice  -encrypt  -pro  -dmgen  C:\Users\worbb\Desktop\IMA\FPGA\SWS_iCE40\impl_1\dm  -lite -ui -fid2 -ram -sharing on -ll 2000 -autosm  -work_is_curlib 0  -ignore_undefined_lib  -lib pmi C:\lscc\radiant\2024.2\ip\pmi\pmi_iCE40UP.vhd -lib work C:\Users\worbb\Desktop\IMA\FPGA\SWS_iCE40\source\impl_1\INST_pkg.vhd -lib work C:\Users\worbb\Desktop\IMA\FPGA\SWS_iCE40\source\impl_1\MEM_pkg.vhd -lib work C:\Users\worbb\Desktop\IMA\FPGA\SWS_iCE40\source\impl_1\SWS_top.vhd -lib work C:\Users\worbb\Desktop\IMA\FPGA\SWS_iCE40\source\impl_1\RS232_transmitter.vhd -lib work C:\Users\worbb\Desktop\IMA\FPGA\SWS_iCE40\source\impl_1\RS232_shiftregister.vhd -lib work C:\Users\worbb\Desktop\IMA\FPGA\SWS_iCE40\source\impl_1\RS232_receiver.vhd -lib work C:\Users\worbb\Desktop\IMA\FPGA\SWS_iCE40\source\impl_1\RS232_fifo.vhd -lib work C:\Users\worbb\Desktop\IMA\FPGA\SWS_iCE40\source\impl_1\RS232.vhd -lib work C:\Users\worbb\Desktop\IMA\FPGA\SWS_iCE40\source\impl_1\ALU.vhd -lib work C:\Users\worbb\Desktop\IMA\FPGA\SWS_iCE40\source\impl_1\CPU.vhd -lib work C:\Users\worbb\Desktop\IMA\FPGA\SWS_iCE40\source\impl_1\DMA.vhd -lib work C:\Users\worbb\Desktop\IMA\FPGA\SWS_iCE40\source\impl_1\RAM.vhd -lib work C:\Users\worbb\Desktop\IMA\FPGA\SWS_iCE40\source\impl_1\ROM.vhd -lib work C:\Users\worbb\Desktop\IMA\FPGA\SWS_iCE40\source\impl_1\iCE40_SWS.vhd -lib work C:\lscc\radiant\2024.2\cae_library\synthesis\vhdl\iCE40UP.vhd  -log  C:\Users\worbb\Desktop\IMA\FPGA\SWS_iCE40\impl_1\syntax.log  -fileorder  C:\Users\worbb\Desktop\IMA\FPGA\SWS_iCE40\impl_1\syntmp\hdlorder.tcl  -jobname  "hdl_info_gen" 
relcom:..\..\..\..\..\..\..\..\lscc\radiant\2024.2\synpbase\bin64\c_vhdl.exe -osyn ..\synwork\SWS_iCE40_impl_1_hdl_.srs -top iCE_SWS -prodtype synplify_pro -primux -fixsmult -infer_seqShift -sdff_counter -nram -divnmod -nostructver -lattice -ice -encrypt -pro -dmgen ..\dm -lite -ui -fid2 -ram -sharing on -ll 2000 -autosm -work_is_curlib 0 -ignore_undefined_lib -lib pmi ..\..\..\..\..\..\..\..\lscc\radiant\2024.2\ip\pmi\pmi_iCE40UP.vhd -lib work ..\..\source\impl_1\INST_pkg.vhd -lib work ..\..\source\impl_1\MEM_pkg.vhd -lib work ..\..\source\impl_1\SWS_top.vhd -lib work ..\..\source\impl_1\RS232_transmitter.vhd -lib work ..\..\source\impl_1\RS232_shiftregister.vhd -lib work ..\..\source\impl_1\RS232_receiver.vhd -lib work ..\..\source\impl_1\RS232_fifo.vhd -lib work ..\..\source\impl_1\RS232.vhd -lib work ..\..\source\impl_1\ALU.vhd -lib work ..\..\source\impl_1\CPU.vhd -lib work ..\..\source\impl_1\DMA.vhd -lib work ..\..\source\impl_1\RAM.vhd -lib work ..\..\source\impl_1\ROM.vhd -lib work ..\..\source\impl_1\iCE40_SWS.vhd -lib work ..\..\..\..\..\..\..\..\lscc\radiant\2024.2\cae_library\synthesis\vhdl\iCE40UP.vhd -log ..\syntax.log -fileorder hdlorder.tcl -jobname "hdl_info_gen"
rc:0 success:1 runtime:1
file:..\synwork\sws_ice40_impl_1_hdl_.srs|io:o|time:0|size:-1|exec:0|csum:
file:..\..\..\..\..\..\..\..\lscc\radiant\2024.2\ip\pmi\pmi_ice40up.vhd|io:i|time:1648538958|size:17231|exec:0|csum:B4484439D4F130E2494777ACC3084671
file:..\..\source\impl_1\inst_pkg.vhd|io:i|time:1748425321|size:3599|exec:0|csum:F2645E8B2E3580D11F661B389DFC7B6C
file:..\..\source\impl_1\mem_pkg.vhd|io:i|time:1748425427|size:1536|exec:0|csum:3444ABDC7CC0AF7C737CAD8D08EEF60D
file:..\..\source\impl_1\sws_top.vhd|io:i|time:1748424662|size:10020|exec:0|csum:7773E83FD6BFA141C24E6159664EAA44
file:..\..\source\impl_1\rs232_transmitter.vhd|io:i|time:1748424704|size:5566|exec:0|csum:8CFFD2D73807F37C936F8BCB0B74ABE6
file:..\..\source\impl_1\rs232_shiftregister.vhd|io:i|time:1748424761|size:1549|exec:0|csum:9212587038AA39AFF5D256D6B3B22490
file:..\..\source\impl_1\rs232_receiver.vhd|io:i|time:1748424822|size:7336|exec:0|csum:83BD316074C86D500B401CCED382D44E
file:..\..\source\impl_1\rs232_fifo.vhd|io:i|time:1751025862|size:3551|exec:0|csum:51427B3429C563F6AFEB8AEADEADD642
file:..\..\source\impl_1\rs232.vhd|io:i|time:1750678527|size:6070|exec:0|csum:7446CF0B1EEAA0A4B9B76AFBE59B3AA3
file:..\..\source\impl_1\alu.vhd|io:i|time:1748425068|size:5821|exec:0|csum:AA9E626BD98BEE28A3A17E5039497E1A
file:..\..\source\impl_1\cpu.vhd|io:i|time:1748425098|size:13404|exec:0|csum:9F75E0E314744D56FACDDCDD524D24C6
file:..\..\source\impl_1\dma.vhd|io:i|time:1748425202|size:10658|exec:0|csum:5A84FE03D01D1438E4C10FA5C73AA79B
file:..\..\source\impl_1\ram.vhd|io:i|time:1750755272|size:2692|exec:0|csum:64B122ED61F9240554C009AF0A290F5C
file:..\..\source\impl_1\rom.vhd|io:i|time:1748432398|size:8500|exec:0|csum:197ED798416F65AD3DDAD16EF73ED02E
file:..\..\source\impl_1\ice40_sws.vhd|io:i|time:1748432516|size:2948|exec:0|csum:A027C193E99AE9B9AEEB2DE018461496
file:..\..\..\..\..\..\..\..\lscc\radiant\2024.2\cae_library\synthesis\vhdl\ice40up.vhd|io:i|time:1534890897|size:28659|exec:0|csum:E745A355EB2DBA7AB2FC7B2C82DB50EE
file:..\syntax.log|io:o|time:1751025898|size:3526|exec:0|csum:
file:..\..\..\..\..\..\..\..\lscc\radiant\2024.2\synpbase\bin64\c_vhdl.exe|io:i|time:1727995157|size:7723008|exec:1|csum:529BA83F10E18935E66E03BB1300AC90
