{
"Synplify Pro (R) Job Log" : {
	"Date" : "14:05:30    27-Jun-2025",
	"Working Directory" : "C:/Users/worbb/Desktop/IMA/FPGA/SWS_iCE40/impl_1",
	"Install" : "C:/lscc/radiant/2024.2/synpbase"
},
"hdl_info_gen" :{
   "Job Flow" : "Sequential",
   "Start Time" : "14:04:57",
   "Runtime" : "01s",
   "Executable Run Time" : "01s",
   "hdl_info_gen" : {
      "executable" : "bin64/c_vhdl.exe",
      "Run Directory" : "C:/Users/worbb/Desktop/IMA/FPGA/SWS_iCE40/impl_1",
      "Run State" : "Complete",
      "Return Code" : "0",
      "Has Errors" : "no",
      "Run Start Time" : "14:04:57",
      "Run Time" : "01s",
      "Exe Run Time" : "01s",
      "Memory Usage" : "-",
      "Up-to-date (run skipped)" : "no"
   }
},
"impl_1" :{
   "Job Flow" : "Sequential",
   "Start Time" : "14:04:58",
   "Runtime" : "32s",
   "Executable Run Time" : "30s",
   "synthesis" : {
      "Job Flow" : "Sequential",
      "Start Time" : "14:04:58",
      "Runtime" : "32s",
      "Executable Run Time" : "30s",
      "compile" : {
         "Job Flow" : "Sequential",
         "Start Time" : "14:04:58",
         "Runtime" : "16s",
         "Executable Run Time" : "14s",
         "compile_flow" : {
            "Job Flow" : "Sequential",
            "Start Time" : "14:04:58",
            "Runtime" : "13s",
            "Executable Run Time" : "11s",
            "compiler" : {
               "executable" : "bin64/c_hdl.exe",
               "Run Directory" : "C:/Users/worbb/Desktop/IMA/FPGA/SWS_iCE40/impl_1",
               "Run State" : "Complete",
               "Return Code" : "0",
               "Has Errors" : "no",
               "Run Start Time" : "14:04:58",
               "Run Time" : "12s",
               "Exe Run Time" : "11s",
               "Memory Usage" : "-",
               "Up-to-date (run skipped)" : "no"
            },
            "multi_srs_gen" : {
               "executable" : "bin64/syn_nfilter.exe",
               "Run Directory" : "C:/Users/worbb/Desktop/IMA/FPGA/SWS_iCE40/impl_1",
               "Run State" : "Complete",
               "Return Code" : "0",
               "Has Errors" : "no",
               "Run Start Time" : "14:05:10",
               "Run Time" : "01s",
               "Exe Run Time" : "00s",
               "Memory Usage" : "-",
               "Up-to-date (run skipped)" : "no"
            }
         },
         "premap" : {
            "executable" : "bin64/m_generic.exe",
            "Run Directory" : "C:/Users/worbb/Desktop/IMA/FPGA/SWS_iCE40/impl_1",
            "Run State" : "Complete",
            "Return Code" : "1",
            "Has Errors" : "no",
            "Run Start Time" : "14:05:11",
            "Run Time" : "03s",
            "Exe Run Time" : "03s",
            "Memory Usage" : "-",
            "Up-to-date (run skipped)" : "no"
         }
      },
      "map" : {
         "Job Flow" : "Sequential",
         "Start Time" : "14:05:14",
         "Runtime" : "16s",
         "Executable Run Time" : "16s",
         "fpga_mapper" : {
            "executable" : "bin64/m_generic.exe",
            "Run Directory" : "C:/Users/worbb/Desktop/IMA/FPGA/SWS_iCE40/impl_1",
            "Run State" : "Complete",
            "Return Code" : "1",
            "Has Errors" : "no",
            "Run Start Time" : "14:05:14",
            "Run Time" : "16s",
            "Exe Run Time" : "16s",
            "Memory Usage" : "-",
            "Up-to-date (run skipped)" : "no"
         }
      }
   }
}
}