
Copyright (C) 1994-2023 Synopsys, Inc.
This Synopsys software and all associated documentation are proprietary to Synopsys, Inc.
and may only be used pursuant to the terms and conditions of a written license agreement
with Synopsys, Inc. All other use, reproduction, modification, or distribution of the
Synopsys software or the associated documentation is strictly prohibited.
Tool: Synplify Pro (R)
Build: V-2023.09LR-2
Install: C:\lscc\radiant\2024.2\synpbase
OS: Windows 10 or later
Hostname: DESKTOP-NDA5VSL

Implementation : impl_1

# Written on Fri Jun 27 14:05:14 2025

##### DESIGN INFO #######################################################

Top View:                "iCE_SWS"
Constraint File(s):      "C:\lscc\radiant\2024.2\scripts\tcl\flow\radiant_synplify_vars.tcl"
                         "C:\Users\worbb\Desktop\IMA\FPGA\SWS_iCE40\source\impl_1\impl_1.sdc"




##### SUMMARY ############################################################

Found 0 issues in 0 out of 0 constraints


##### DETAILS ############################################################



Clock Relationships
*******************

Starting               Ending                 |     rise to rise     |     fall to fall     |     rise to fall     |     fall to rise                     
---------------------------------------------------------------------------------------------------------------------------------------------------------
iCE_SWS|CLK_SOURCE     iCE_SWS|CLK_SOURCE     |     5.000            |     No paths         |     No paths         |     No paths                         
=========================================================================================================================================================
 Note: 'No paths' indicates there are no paths in the design for that pair of clock edges.
       'Diff grp' indicates that paths exist but the starting clock and ending clock are in different clock groups.


Unconstrained Start/End Points
******************************

p:BTN[0]
p:BTN[1]
p:LED[0]
p:LED[1]
p:LED[2]
p:UART_RX
p:UART_TX


Inapplicable constraints
************************

(none)


Applicable constraints with issues
**********************************

(none)


Constraints with matching wildcard expressions
**********************************************

(none)


Library Report
**************


# End of Constraint Checker Report

