Vivado Simulator v2024.1
Copyright 1986-2022 Xilinx, Inc. All Rights Reserved.
Copyright 2022-2024 Advanced Micro Devices, Inc. All Rights Reserved.
Running: C:/Xilinx/Vivado/2024.1/bin/unwrapped/win64.o/xelab.exe --incr --debug typical --relax --mt 2 -L xil_defaultlib -L secureip --snapshot tb_IIC_Receiver_behav xil_defaultlib.tb_IIC_Receiver -log elaborate.log 
Using 2 slave threads.
Starting static elaboration
Completed static elaboration
Starting simulation data flow analysis
Completed simulation data flow analysis
Time Resolution for simulation is 1ps
Compiling package std.standard
Compiling package std.textio
Compiling package ieee.std_logic_1164
Compiling package xil_defaultlib.i2c_test
Compiling package ieee.numeric_std
Compiling architecture behavioral of entity xil_defaultlib.I2C_receiver [i2c_receiver_default]
Compiling architecture sr_behavior of entity xil_defaultlib.I2C_shiftregister [i2c_shiftregister_default]
Compiling architecture behavioral of entity xil_defaultlib.I2C_top [i2c_top_default]
Compiling architecture behavioral of entity xil_defaultlib.tb_iic_receiver
Built simulation snapshot tb_IIC_Receiver_behav
