INFO: [VRFC 10-163] Analyzing VHDL file "C:/Users/worbb/Desktop/IMA/Sensor-ondas-espin/2025-Heterodyne-Spartan7/SW_Sensor/SW_Sensor.srcs/sources_1/new/INST_pkg.vhd" into library xil_defaultlib
INFO: [VRFC 10-163] Analyzing VHDL file "C:/Users/worbb/Desktop/IMA/Sensor-ondas-espin/2025-Heterodyne-Spartan7/SW_Sensor/SW_Sensor.srcs/sources_1/new/MEM_pkg.vhd" into library xil_defaultlib
INFO: [VRFC 10-163] Analyzing VHDL file "C:/Users/worbb/Desktop/IMA/Sensor-ondas-espin/2025-Heterodyne-Spartan7/SW_Sensor/SW_Sensor.srcs/sources_1/imports/new/RS232_test.vhd" into library xil_defaultlib
INFO: [VRFC 10-163] Analyzing VHDL file "C:/Users/worbb/Desktop/IMA/Sensor-ondas-espin/2025-Heterodyne-Spartan7/SW_Sensor/SW_Sensor.srcs/sources_1/new/ALU.vhd" into library xil_defaultlib
INFO: [VRFC 10-3107] analyzing entity 'ALU'
INFO: [VRFC 10-163] Analyzing VHDL file "C:/Users/worbb/Desktop/IMA/Sensor-ondas-espin/2025-Heterodyne-Spartan7/SW_Sensor/SW_Sensor.srcs/sources_1/new/CPU.vhd" into library xil_defaultlib
INFO: [VRFC 10-3107] analyzing entity 'CPU'
INFO: [VRFC 10-163] Analyzing VHDL file "C:/Users/worbb/Desktop/IMA/Sensor-ondas-espin/2025-Heterodyne-Spartan7/SW_Sensor/SW_Sensor.srcs/sources_1/new/DMA.vhd" into library xil_defaultlib
INFO: [VRFC 10-3107] analyzing entity 'DMA'
INFO: [VRFC 10-163] Analyzing VHDL file "C:/Users/worbb/Desktop/IMA/Sensor-ondas-espin/2025-Heterodyne-Spartan7/SW_Sensor/SW_Sensor.srcs/sources_1/new/RAM.vhd" into library xil_defaultlib
INFO: [VRFC 10-3107] analyzing entity 'RAM'
INFO: [VRFC 10-163] Analyzing VHDL file "C:/Users/worbb/Desktop/IMA/Sensor-ondas-espin/2025-Heterodyne-Spartan7/SW_Sensor/SW_Sensor.srcs/sources_1/new/ROM.vhd" into library xil_defaultlib
INFO: [VRFC 10-3107] analyzing entity 'ROM'
INFO: [VRFC 10-163] Analyzing VHDL file "C:/Users/worbb/Desktop/IMA/Sensor-ondas-espin/2025-Heterodyne-Spartan7/SW_Sensor/SW_Sensor.srcs/sources_1/new/RS232.vhd" into library xil_defaultlib
INFO: [VRFC 10-3107] analyzing entity 'RS232'
INFO: [VRFC 10-163] Analyzing VHDL file "C:/Users/worbb/Desktop/IMA/Sensor-ondas-espin/2025-Heterodyne-Spartan7/SW_Sensor/SW_Sensor.srcs/sources_1/new/RS232_receiver.vhd" into library xil_defaultlib
INFO: [VRFC 10-3107] analyzing entity 'RS232_receiver'
INFO: [VRFC 10-163] Analyzing VHDL file "C:/Users/worbb/Desktop/IMA/Sensor-ondas-espin/2025-Heterodyne-Spartan7/SW_Sensor/SW_Sensor.srcs/sources_1/new/RS232_shiftregister.vhd" into library xil_defaultlib
INFO: [VRFC 10-3107] analyzing entity 'RS232_shiftregister'
INFO: [VRFC 10-163] Analyzing VHDL file "C:/Users/worbb/Desktop/IMA/Sensor-ondas-espin/2025-Heterodyne-Spartan7/SW_Sensor/SW_Sensor.srcs/sources_1/new/RS232_transmitter.vhd" into library xil_defaultlib
INFO: [VRFC 10-3107] analyzing entity 'RS232_transmitter'
INFO: [VRFC 10-163] Analyzing VHDL file "C:/Users/worbb/Desktop/IMA/Sensor-ondas-espin/2025-Heterodyne-Spartan7/SW_Sensor/SW_Sensor.srcs/sources_1/new/SWS_top.vhd" into library xil_defaultlib
INFO: [VRFC 10-3107] analyzing entity 'SWS_top'
INFO: [VRFC 10-163] Analyzing VHDL file "C:/Users/worbb/Desktop/IMA/Sensor-ondas-espin/2025-Heterodyne-Spartan7/SW_Sensor/SW_Sensor.srcs/sources_1/new/Spartan_SWS.vhd" into library xil_defaultlib
INFO: [VRFC 10-3107] analyzing entity 'Spartan_SWS'
INFO: [VRFC 10-163] Analyzing VHDL file "C:/Users/worbb/Desktop/IMA/Sensor-ondas-espin/2025-Heterodyne-Spartan7/SW_Sensor/SW_Sensor.srcs/sim_1/new/tb_Spartan_SWS.vhd" into library xil_defaultlib
INFO: [VRFC 10-3107] analyzing entity 'tb_Spartan_SWS'
